mode: count
github.com/graphitects/atomicity/operation/mutex.go:33.54,34.15 1 4
github.com/graphitects/atomicity/operation/mutex.go:34.15,36.3 1 2
github.com/graphitects/atomicity/operation/mutex.go:38.2,42.8 1 2
github.com/graphitects/atomicity/operation/mutex.go:48.29,56.2 5 8
github.com/graphitects/atomicity/operation/mutex.go:65.56,66.20 1 8
github.com/graphitects/atomicity/operation/mutex.go:66.20,68.3 1 2
github.com/graphitects/atomicity/operation/mutex.go:70.2,70.21 1 6
github.com/graphitects/atomicity/operation/state.go:39.54,40.15 1 4
github.com/graphitects/atomicity/operation/state.go:40.15,42.3 1 2
github.com/graphitects/atomicity/operation/state.go:44.2,48.8 1 2
github.com/graphitects/atomicity/operation/state.go:59.35,60.51 1 8
github.com/graphitects/atomicity/operation/state.go:60.51,62.3 1 4
github.com/graphitects/atomicity/operation/state.go:63.2,69.12 5 4
github.com/graphitects/atomicity/operation/state.go:84.40,85.51 1 8
github.com/graphitects/atomicity/operation/state.go:85.51,87.3 1 4
github.com/graphitects/atomicity/operation/state.go:89.2,89.12 1 4
github.com/graphitects/atomicity/operation/state.go:89.12,96.3 4 4
github.com/graphitects/atomicity/operation/state.go:98.2,98.12 1 4
github.com/graphitects/atomicity/operation/state.go:112.56,113.20 1 12
github.com/graphitects/atomicity/operation/state.go:113.20,115.3 1 2
github.com/graphitects/atomicity/operation/state.go:117.2,117.21 1 10
